<?xml version="1.0" encoding="utf-8"?><testsuites name="pytest tests"><testsuite name="pytest" errors="0" failures="0" skipped="0" tests="12" time="1.177" timestamp="2025-07-02T09:10:10.786181-03:00" hostname="tungs"><testcase classname="tests.test___init__.TestBasicCoverage" name="test_module_attributes" time="0.028" /><testcase classname="tests.test___init__" name="test_module_imports" time="0.002" /><testcase classname="tests.test___init__" name="test_basic_functionality" time="0.001" /><testcase classname="tests.test_flext_auth.TestFlextauth" name="test_methods" time="0.001" /><testcase classname="tests.test_flext_auth.TestFlextauth" name="test_error_handling" time="0.001" /><testcase classname="tests.test_flext_auth.TestFlextauth" name="test_initialization" time="0.001" /><testcase classname="tests.test_flext_auth" name="test_configuration" time="0.001" /><testcase classname="tests.test_flext_auth" name="test_basic_functionality" time="0.001" /><testcase classname="tests.test_flext_auth" name="test_module_exists" time="0.001" /><testcase classname="tests.test_flext_auth" name="test_parametrized[3-True]" time="0.001" /><testcase classname="tests.test_flext_auth" name="test_parametrized[2-True]" time="0.001" /><testcase classname="tests.test_flext_auth" name="test_parametrized[1-True]" time="0.002" /></testsuite></testsuites>